2025-03-25 13:42:26,476 - INFO - === Nombre de nœuds par type ===
2025-03-25 13:42:27,135 - INFO - ['Category']: 9751
2025-03-25 13:42:27,135 - INFO - ['Ingredient']: 6274
2025-03-25 13:42:27,135 - INFO - ['Label']: 2390
2025-03-25 13:42:27,135 - INFO - ['Product']: 1000
2025-03-25 13:42:27,135 - INFO - ['Brand']: 470
2025-03-25 13:42:27,135 - INFO - ['Additif']: 309
2025-03-25 13:42:27,135 - INFO - ['Allergen']: 30
2025-03-25 13:42:27,135 - INFO - ['Country']: 23
2025-03-25 13:42:27,135 - INFO - ['Nutriment']: 14
2025-03-25 13:42:27,135 - INFO - 
=== Produits de la marque 'Butternut Mountain Farm' ===
2025-03-25 13:42:27,202 - INFO - Organic Vermont Maple Syrup Grade A Dark Color Robust Taste - Nutriscore: e - Quantité: 946 ml
2025-03-25 13:42:27,202 - INFO - 
=== Top 5 ingrédients les plus courants ===
2025-03-25 13:42:27,279 - INFO - added sugar: 391 occurrences
2025-03-25 13:42:27,279 - INFO - salt: 387 occurrences
2025-03-25 13:42:27,279 - INFO - disaccharide: 366 occurrences
2025-03-25 13:42:27,279 - INFO - sugar: 352 occurrences
2025-03-25 13:42:27,279 - INFO - flavouring: 265 occurrences
2025-03-25 13:42:27,279 - INFO - 
=== Ingrédients les plus courants en consolidant les variantes ===
2025-03-25 13:42:27,362 - INFO - added sugar: 391 occurrences
2025-03-25 13:42:27,362 - INFO - salt: 387 occurrences
2025-03-25 13:42:27,362 - INFO - disaccharide: 366 occurrences
2025-03-25 13:42:27,362 - INFO - sugar: 352 occurrences
2025-03-25 13:42:27,362 - INFO - flavouring: 265 occurrences
2025-03-25 13:42:27,362 - INFO - oil and fat: 251 occurrences
2025-03-25 13:42:27,362 - INFO - water: 243 occurrences
2025-03-25 13:42:27,362 - INFO - vegetable oil and fat: 241 occurrences
2025-03-25 13:42:27,363 - INFO - cereal: 241 occurrences
2025-03-25 13:42:27,363 - INFO - natural flavouring: 217 occurrences
2025-03-25 13:42:27,363 - INFO - 
=== Visualisation des relations du produit '0008577002786' ===
2025-03-25 13:42:27,364 - INFO - Produit trouvé :
2025-03-25 13:42:27,368 - INFO - {
    "_id": "0008577002786",
    "added_countries_tags": [],
    "traces_lc": "en",
    "category_properties": {
        "ciqual_food_name:fr": "Sirop d'érable",
        "ciqual_food_name:en": "Syrup, maple"
    },
    "categories_tags": [
        "en:sweeteners",
        "en:syrups",
        "en:simple-syrups",
        "en:maple-syrups"
    ],
    "nutrition_data_prepared": "",
    "no_nutrition_data": "",
    "languages_codes": {
        "en": 3,
        "fr": 1
    },
    "last_edit_dates_tags": [
        "2024-10-17",
        "2024-10",
        "2024"
    ],
    "brands_tags": [
        "usda-organic-butternut-mountain-farm",
        "butternut-mountain-farm"
    ],
    "ingredients_without_ciqual_codes": [
        "en:maple-syrup"
    ],
    "allergens_lc": "en",
    "rev": 11,
    "packaging_text_en": "",
    "unknown_ingredients_n": 0,
    "max_imgid": "1",
    "ecoscore_tags": [
        "b"
    ],
    "nutrition_data_prepared_per_imported": "100g",
    "ingredients_text_with_allergens_en": "Pure organic maple syrup",
    "languages": {
        "en:french": 1,
        "en:english": 3
    },
    "ingredients_with_specified_percent_sum": 0,
    "origins_tags": [],
    "generic_name_fr": "",
    "ingredients_without_ecobalyse_ids_n": 1,
    "debug_param_sorted_langs": [
        "en",
        "fr"
    ],
    "categories": "Sweeteners,Syrups,Simple syrups,Maple syrups",
    "last_updated_t": 1734386632,
    "emb_codes_tags": [],
    "ingredients_n": 1,
    "popularity_key": 0,
    "allergens_from_ingredients": "",
    "ingredients_that_may_be_from_palm_oil_tags": [],
    "amino_acids_tags": [],
    "_keywords": [
        "butternut",
        "color",
        "dark",
        "farm",
        "gmo",
        "grade",
        "maple",
        "mountain",
        "no",
        "non",
        "organic",
        "project",
        "robust",
        "simple",
        "sweetener",
        "syrup",
        "taste",
        "usda",
        "vermont"
    ],
    "countries": "Canada,United States",
    "nutrition_grades": "e",
    "update_key": "sort",
    "nutriscore_data": {
        "is_red_meat_product": 0,
        "is_beverage": 0,
        "grade": "e",
        "is_cheese": 0,
        "positive_nutrients": [
            "fiber",
            "fruits_vegetables_legumes"
        ],
        "score": 19,
        "count_proteins_reason": "negative_points_greater_than_or_equal_to_11",
        "components": {
            "negative": [
                {
                    "value": 1393,
                    "points_max": 10,
                    "points": 4,
                    "unit": "kJ",
                    "id": "energy"
                },
                {
                    "unit": "g",
                    "points": 15,
                    "points_max": 15,
                    "id": "sugars",
                    "value": 88.33
                },
                {
                    "value": 0,
                    "points": 0,
                    "points_max": 10,
                    "unit": "g",
                    "id": "saturated_fat"
                },
                {
                    "id": "salt",
                    "points_max": 20,
                    "points": 0,
                    "unit": "g",
                    "value": 0.02
                }
            ],
            "positive": [
                {
                    "id": "fiber",
                    "points": 0,
                    "points_max": 5,
                    "unit": "g",
                    "value": null
                },
                {
                    "id": "fruits_vegetables_legumes",
                    "points": 0,
                    "points_max": 5,
                    "unit": "%",
                    "value": 0
                }
            ]
        },
        "is_fat_oil_nuts_seeds": 0,
        "positive_points_max": 10,
        "positive_points": 0,
        "count_proteins": 0,
        "negative_points_max": 55,
        "is_water": 0,
        "negative_points": 19
    },
    "allergens_hierarchy": [],
    "labels_lc": "en",
    "nutriscore_2023_tags": [
        "e"
    ],
    "correctors_tags": [
        "usda-ndb-import",
        "teolemon",
        "fix-missing-lang-bot",
        "org-database-usda",
        "foodvisor",
        "org-label-non-gmo-project",
        "fighter-food-facts"
    ],
    "amino_acids_prev_tags": [],
    "ingredients_text_debug": null,
    "allergens_from_user": "(en) ",
    "ingredients_analysis": {},
    "product_name_fr": "100 pure vermont organic maple syrup",
    "interface_version_created": "20130323.jqm",
    "origin_fr": "",
    "ingredients_original_tags": [
        "en:maple-syrup"
    ],
    "lang": "en",
    "product_type": "food",
    "lc": "en",
    "categories_old": "Sweeteners, Syrups, Simple syrups, Maple syrups",
    "entry_dates_tags": [
        "2016-04-09",
        "2016-04",
        "2016"
    ],
    "ingredients_without_ciqual_codes_n": 1,
    "serving_size": "4 Tbsp (60 ml)",
    "stores_tags": [],
    "ingredients_text_with_allergens": "Pure organic maple syrup",
    "images": {
        "front_en": {
            "normalize": null,
            "angle": 0,
            "y1": "-1",
            "y2": "-1",
            "geometry": "0x0--1--1",
            "sizes": {
                "full": {
                    "h": 600,
                    "w": 500
                },
                "100": {
                    "h": 100,
                    "w": 83
                },
                "200": {
                    "w": 167,
                    "h": 200
                },
                "400": {
                    "w": 333,
                    "h": 400
                }
            },
            "x1": "-1",
            "imgid": "1",
            "x2": "-1",
            "white_magic": null,
            "coordinates_image_size": "full",
            "rev": "9"
        },
        "1": {
            "uploader": "foodvisor",
            "uploaded_t": 1660213050,
            "sizes": {
                "full": {
                    "w": 500,
                    "h": 600
                },
                "100": {
                    "w": 83,
                    "h": 100
                },
                "400": {
                    "w": 333,
                    "h": 400
                }
            }
        }
    },
    "data_quality_warnings_tags": [
        "en:ecoscore-origins-of-ingredients-origins-are-100-percent-unknown",
        "en:ecoscore-packaging-packaging-data-missing",
        "en:ecoscore-production-system-no-label"
    ],
    "pnns_groups_2_tags": [
        "unknown",
        "missing-association"
    ],
    "vitamins_prev_tags": [],
    "nutrient_levels": {
        "fat": "low",
        "sugars": "high",
        "salt": "low"
    },
    "expiration_date": "",
    "labels_hierarchy": [
        "en:organic",
        "en:no-gmos",
        "en:non-gmo-project"
    ],
    "ingredients_percent_analysis": 1,
    "traces_from_user": "(en) ",
    "labels_tags": [
        "en:organic",
        "en:no-gmos",
        "en:non-gmo-project"
    ],
    "ingredients_analysis_tags": [
        "en:palm-oil-free",
        "en:vegan",
        "en:vegetarian"
    ],
    "ingredients_lc": "en",
    "ingredients_with_unspecified_percent_n": 1,
    "origins_hierarchy": [],
    "categories_hierarchy": [
        "en:sweeteners",
        "en:syrups",
        "en:simple-syrups",
        "en:maple-syrups"
    ],
    "last_modified_by": "fighter-food-facts",
    "additives_tags": [],
    "informers_tags": [
        "openfoodfacts-contributors",
        "usda-ndb-import",
        "teolemon",
        "clockwerx",
        "fix-missing-lang-bot",
        "org-database-usda",
        "foodvisor"
    ],
    "brand_owner": "Butternut Mountain Farm",
    "sources": [
        {
            "import_t": 1489076889,
            "fields": [
                "product_name_en",
                "brands",
                "countries",
                "serving_size",
                "ingredients_text_en",
                "nutrients.energy",
                "nutrients.proteins",
                "nutrients.fat",
                "nutrients.carbohydrates",
                "nutrients.sugars",
                "nutrients.sodium"
            ],
            "url": "https://api.nal.usda.gov/ndb/reports/?ndbno=45167062&type=f&format=json&api_key=DEMO_KEY",
            "images": [],
            "id": "usda-ndb"
        },
        {
            "images": [],
            "id": "database-usda",
            "import_t": 1587588706,
            "name": "database-usda",
            "fields": [
                "lc",
                "product_name_en",
                "brand_owner",
                "data_sources",
                "serving_size",
                "ingredients_text_en",
                "nutrients.salt_unit",
                "nutrients.salt_value"
            ],
            "url": null,
            "manufacturer": null
        },
        {
            "name": "label-non-gmo-project",
            "import_t": 1718833811,
            "manufacturer": 0,
            "fields": [
                "lang",
                "product_name_en",
                "brands",
                "labels",
                "countries",
                "data_sources"
            ],
            "url": null,
            "images": [],
            "id": "org-label-non-gmo-project"
        }
    ],
    "weighers_tags": [],
    "ingredients_text": "Pure organic maple syrup",
    "cities_tags": [],
    "categories_properties_tags": [
        "all-products",
        "categories-known",
        "agribalyse-food-code-31034",
        "agribalyse-food-code-known",
        "agribalyse-proxy-food-code-unknown",
        "ciqual-food-code-31034",
        "ciqual-food-code-known",
        "agribalyse-known",
        "agribalyse-31034"
    ],
    "checkers_tags": [],
    "countries_imported": "United States",
    "purchase_places_tags": [],
    "lc_imported": "en",
    "pnns_groups_1_tags": [
        "unknown",
        "missing-association"
    ],
    "packaging_shapes_tags": [],
    "traces_tags": [],
    "nucleotides_prev_tags": [],
    "last_modified_t": 1729151192,
    "nutriscore": {
        "2023": {
            "score": 19,
            "data": {
                "is_water": 0,
                "negative_points_max": 55,
                "negative_points": 19,
                "count_proteins": 0,
                "positive_points_max": 10,
                "positive_points": 0,
                "count_proteins_reason": "negative_points_greater_than_or_equal_to_11",
                "is_fat_oil_nuts_seeds": 0,
                "components": {
                    "negative": [
                        {
                            "points": 4,
                            "points_max": 10,
                            "unit": "kJ",
                            "id": "energy",
                            "value": 1393
                        },
                        {
                            "id": "sugars",
                            "unit": "g",
                            "points_max": 15,
                            "points": 15,
                            "value": 88.33
                        },
                        {
                            "value": 0,
                            "id": "saturated_fat",
                            "points_max": 10,
                            "points": 0,
                            "unit": "g"
                        },
                        {
                            "value": 0.02,
                            "id": "salt",
                            "unit": "g",
                            "points": 0,
                            "points_max": 20
                        }
                    ],
                    "positive": [
                        {
                            "value": null,
                            "unit": "g",
                            "points": 0,
                            "points_max": 5,
                            "id": "fiber"
                        },
                        {
                            "id": "fruits_vegetables_legumes",
                            "unit": "%",
                            "points_max": 5,
                            "points": 0,
                            "value": 0
                        }
                    ]
                },
                "positive_nutrients": [
                    "fiber",
                    "fruits_vegetables_legumes"
                ],
                "is_cheese": 0,
                "is_beverage": 0,
                "is_red_meat_product": 0
            },
            "nutrients_available": 1,
            "nutriscore_computed": 1,
            "category_available": 1,
            "nutriscore_applicable": 1,
            "grade": "e"
        },
        "2021": {
            "category_available": 1,
            "nutriscore_applicable": 1,
            "grade": "d",
            "nutriscore_computed": 1,
            "nutrients_available": 1,
            "score": 14,
            "data": {
                "saturated_fat_points": 0,
                "fiber_points": 0,
                "proteins_value": 0,
                "sugars_points": 10,
                "fruits_vegetables_nuts_colza_walnut_olive_oils_points": 0,
                "sugars": 88.33,
                "negative_points": 14,
                "sodium_value": 8,
                "fiber_value": 0,
                "saturated_fat_value": 0,
                "saturated_fat_ratio": 0,
                "sugars_value": 88.33,
                "is_beverage": 0,
                "sodium": 8,
                "sodium_points": 0,
                "positive_points": 0,
                "proteins": 0,
                "is_fat": 0,
                "fiber": 0,
                "is_water": 0,
                "proteins_points": 0,
                "energy_points": 4,
                "fruits_vegetables_nuts_colza_walnut_olive_oils": 0,
                "energy": 1393,
                "fruits_vegetables_nuts_colza_walnut_olive_oils_value": 0,
                "is_cheese": 0,
                "saturated_fat": 0,
                "energy_value": 1393
            }
        }
    },
    "traces_hierarchy": [],
    "nutrition_score_warning_fruits_vegetables_legumes_estimate_from_ingredients_value": 0,
    "states_tags": [
        "en:to-be-completed",
        "en:nutrition-facts-completed",
        "en:ingredients-completed",
        "en:expiration-date-to-be-completed",
        "en:packaging-code-to-be-completed",
        "en:characteristics-to-be-completed",
        "en:origins-to-be-completed",
        "en:categories-completed",
        "en:brands-completed",
        "en:packaging-to-be-completed",
        "en:quantity-completed",
        "en:product-name-completed",
        "en:photos-to-be-validated",
        "en:packaging-photo-to-be-selected",
        "en:nutrition-photo-to-be-selected",
        "en:ingredients-photo-to-be-selected",
        "en:front-photo-selected",
        "en:photos-uploaded"
    ],
    "traces_from_ingredients": "",
    "ecoscore_grade": "b",
    "states_hierarchy": [
        "en:to-be-completed",
        "en:nutrition-facts-completed",
        "en:ingredients-completed",
        "en:expiration-date-to-be-completed",
        "en:packaging-code-to-be-completed",
        "en:characteristics-to-be-completed",
        "en:origins-to-be-completed",
        "en:categories-completed",
        "en:brands-completed",
        "en:packaging-to-be-completed",
        "en:quantity-completed",
        "en:product-name-completed",
        "en:photos-to-be-validated",
        "en:packaging-photo-to-be-selected",
        "en:nutrition-photo-to-be-selected",
        "en:ingredients-photo-to-be-selected",
        "en:front-photo-selected",
        "en:photos-uploaded"
    ],
    "last_editor": "fighter-food-facts",
    "minerals_tags": [],
    "nutriscore_tags": [
        "e"
    ],
    "nutrition_score_beverage": 0,
    "allergens_tags": [],
    "nutriscore_grade": "e",
    "nucleotides_tags": [],
    "nutriscore_score_opposite": -19,
    "data_quality_tags": [
        "en:no-packaging-data",
        "en:ingredients-percent-analysis-ok",
        "en:all-but-one-ingredient-with-specified-percent",
        "en:ecoscore-extended-data-not-computed",
        "en:food-groups-1-unknown",
        "en:food-groups-2-unknown",
        "en:food-groups-3-unknown",
        "en:ecoscore-origins-of-ingredients-origins-are-100-percent-unknown",
        "en:ecoscore-packaging-packaging-data-missing",
        "en:ecoscore-production-system-no-label"
    ],
    "data_sources": "Database - USDA NDB, Databases, database-usda, Labels, label-non-gmo-project",
    "quantity": "946 ml",
    "states": "en:to-be-completed, en:nutrition-facts-completed, en:ingredients-completed, en:expiration-date-to-be-completed, en:packaging-code-to-be-completed, en:characteristics-to-be-completed, en:origins-to-be-completed, en:categories-completed, en:brands-completed, en:packaging-to-be-completed, en:quantity-completed, en:product-name-completed, en:photos-to-be-validated, en:packaging-photo-to-be-selected, en:nutrition-photo-to-be-selected, en:ingredients-photo-to-be-selected, en:front-photo-selected, en:photos-uploaded",
    "categories_imported": "Sweeteners, Syrups, Simple syrups",
    "origins": "",
    "ingredients_tags": [
        "en:maple-syrup",
        "en:added-sugar",
        "en:disaccharide"
    ],
    "ingredients_that_may_be_from_palm_oil_n": 0,
    "ingredients_hierarchy": [
        "en:maple-syrup",
        "en:added-sugar",
        "en:disaccharide"
    ],
    "removed_countries_tags": [],
    "nutrition_score_warning_no_fiber": 1,
    "vitamins_tags": [],
    "last_image_t": 1660213050,
    "traces": "",
    "generic_name_en": "",
    "data_sources_imported": "Databases, database-usda",
    "codes_tags": [
        "code-13",
        "conflict-with-upc-12",
        "0008577002xxx",
        "000857700xxxx",
        "00085770xxxxx",
        "0008577xxxxxx",
        "000857xxxxxxx",
        "00085xxxxxxxx",
        "0008xxxxxxxxx",
        "000xxxxxxxxxx",
        "00xxxxxxxxxxx",
        "0xxxxxxxxxxxx"
    ],
    "nutriments": {
        "energy-kcal": 333,
        "energy_unit": "kcal",
        "nova-group_serving": 2,
        "carbohydrates_value": 88.33,
        "fruits-vegetables-legumes-estimate-from-ingredients_serving": 0,
        "energy-kcal_value_computed": 353.32,
        "salt_serving": 0.012,
        "energy-kcal_100g": 333,
        "energy-kcal_value": 333,
        "energy_100g": 1393,
        "fat_100g": 0,
        "proteins_100g": 0,
        "nutrition-score-fr": 19,
        "salt_100g": 0.02,
        "energy-kcal_unit": "kcal",
        "sodium": 0.008,
        "salt_unit": "mg",
        "sugars_value": 88.33,
        "carbohydrates_serving": 53,
        "sugars_serving": 53,
        "nova-group": 2,
        "sodium_serving": 0.0048,
        "fat_value": 0,
        "sodium_value": 8,
        "fruits-vegetables-nuts-estimate-from-ingredients_100g": 0,
        "sugars": 88.33,
        "energy_value": 333,
        "nova-group_100g": 2,
        "energy_serving": 836,
        "carbohydrates_100g": 88.33,
        "nutrition-score-fr_100g": 19,
        "salt_value": 20,
        "proteins_unit": "g",
        "energy": 1393,
        "fruits-vegetables-nuts-estimate-from-ingredients_serving": 0,
        "fruits-vegetables-legumes-estimate-from-ingredients_100g": 0,
        "carbohydrates_unit": "g",
        "proteins": 0,
        "proteins_serving": 0,
        "salt": 0.02,
        "fat": 0,
        "carbohydrates": 88.33,
        "sugars_100g": 88.33,
        "fat_unit": "g",
        "sugars_unit": "g",
        "fat_serving": 0,
        "sodium_unit": "mg",
        "energy-kcal_serving": 200,
        "sodium_100g": 0.008,
        "proteins_value": 0
    },
    "last_image_dates_tags": [
        "2022-08-11",
        "2022-08",
        "2022"
    ],
    "nutrition_score_debug": "",
    "complete": 0,
    "manufacturing_places": "",
    "nova_group_debug": "",
    "product_name_en_imported": "100% pure vermont organic maple syrup, dark color robust taste",
    "nutrition_grades_tags": [
        "e"
    ],
    "nutrition_data_per": "100g",
    "data_quality_info_tags": [
        "en:no-packaging-data",
        "en:ingredients-percent-analysis-ok",
        "en:all-but-one-ingredient-with-specified-percent",
        "en:ecoscore-extended-data-not-computed",
        "en:food-groups-1-unknown",
        "en:food-groups-2-unknown",
        "en:food-groups-3-unknown"
    ],
    "ingredients_without_ecobalyse_ids": [
        "en:maple-syrup"
    ],
    "photographers_tags": [
        "foodvisor"
    ],
    "countries_hierarchy": [
        "en:canada",
        "en:united-states"
    ],
    "allergens": "",
    "packaging_text": "",
    "packagings_complete": 0,
    "packagings_materials": {},
    "food_groups_tags": [],
    "origins_lc": "en",
    "product_quantity": "946",
    "ingredients_text_fr": "",
    "product_quantity_unit": "ml",
    "labels": "Organic,No GMOs,Non GMO project",
    "ecoscore_score": 64,
    "created_t": 1460234918,
    "id": "0008577002786",
    "sources_fields": {
        "org-database-usda": {
            "fdc_data_source": "LI",
            "modified_date": "2019-03-23T00:00:00Z",
            "fdc_category": "Syrups & Molasses",
            "publication_date": "2019-12-06T00:00:00Z",
            "fdc_id": "635626",
            "available_date": "2019-03-23T00:00:00Z"
        }
    },
    "ingredients_text_en": "Pure organic maple syrup",
    "misc_tags": [
        "en:ecoscore-changed",
        "en:ecoscore-computed",
        "en:ecoscore-extended-data-not-computed",
        "en:ecoscore-grade-changed",
        "en:ecoscore-missing-data-labels",
        "en:ecoscore-missing-data-no-packagings",
        "en:ecoscore-missing-data-origins",
        "en:ecoscore-missing-data-packagings",
        "en:ecoscore-missing-data-warning",
        "en:nutriscore-2021-better-than-2023",
        "en:nutriscore-2021-d-2023-e",
        "en:nutriscore-2021-different-from-2023",
        "en:nutriscore-computed",
        "en:nutrition-fruits-vegetables-legumes-estimate-from-ingredients",
        "en:nutrition-fruits-vegetables-nuts-estimate-from-ingredients",
        "en:nutrition-no-fiber",
        "en:nutrition-no-fiber-or-fruits-vegetables-nuts",
        "en:packagings-empty",
        "en:packagings-not-complete",
        "en:packagings-number-of-components-0"
    ],
    "product_name_en": "Organic Vermont Maple Syrup Grade A Dark Color Robust Taste",
    "nutrition_data": "on",
    "nova_group": 2,
    "additives_n": 0,
    "main_countries_tags": [],
    "minerals_prev_tags": [],
    "ingredients_n_tags": [
        "1",
        "1-10"
    ],
    "ecoscore_data": {
        "grades": {
            "ro": "b",
            "il": "b",
            "lt": "b",
            "mk": "b",
            "bg": "b",
            "eg": "b",
            "it": "b",
            "fr": "b",
            "im": "b",
            "gg": "b",
            "us": "b",
            "ch": "b",
            "uk": "b",
            "li": "b",
            "dk": "b",
            "hr": "b",
            "ps": "b",
            "al": "b",
            "sy": "b",
            "ie": "b",
            "sk": "b",
            "cy": "b",
            "ad": "b",
            "es": "b",
            "at": "b",
            "rs": "b",
            "ax": "b",
            "xk": "b",
            "nl": "b",
            "lb": "b",
            "fi": "b",
            "tr": "b",
            "hu": "b",
            "ma": "b",
            "mc": "b",
            "gi": "b",
            "va": "b",
            "me": "b",
            "tn": "b",
            "sm": "b",
            "ba": "b",
            "be": "b",
            "sj": "b",
            "no": "b",
            "is": "b",
            "ee": "b",
            "lv": "b",
            "ly": "b",
            "de": "b",
            "mt": "b",
            "md": "b",
            "ua": "b",
            "world": "b",
            "se": "b",
            "si": "b",
            "pt": "b",
            "lu": "b",
            "gr": "b",
            "dz": "b",
            "pl": "b",
            "fo": "b",
            "je": "b",
            "cz": "b"
        },
        "status": "known",
        "previous_data": {
            "grade": null,
            "agribalyse": {
                "warning": "missing_agribalyse_match"
            },
            "score": null
        },
        "scores": {
            "me": 64,
            "va": 64,
            "gi": 64,
            "tr": 64,
            "mc": 64,
            "ma": 64,
            "hu": 64,
            "ee": 64,
            "be": 64,
            "no": 64,
            "is": 64,
            "sj": 64,
            "sm": 64,
            "ba": 64,
            "tn": 64,
            "si": 64,
            "se": 64,
            "mt": 64,
            "md": 64,
            "ua": 64,
            "world": 64,
            "ly": 64,
            "de": 64,
            "lv": 64,
            "je": 64,
            "fo": 64,
            "cz": 64,
            "pl": 64,
            "dz": 64,
            "gr": 64,
            "lu": 64,
            "pt": 64,
            "eg": 64,
            "it": 64,
            "fr": 64,
            "mk": 64,
            "bg": 64,
            "il": 64,
            "lt": 64,
            "ro": 64,
            "ch": 64,
            "gg": 64,
            "us": 64,
            "im": 64,
            "ad": 64,
            "es": 64,
            "at": 64,
            "ie": 64,
            "sy": 64,
            "cy": 64,
            "sk": 64,
            "hr": 64,
            "al": 64,
            "ps": 64,
            "uk": 64,
            "li": 64,
            "dk": 64,
            "fi": 64,
            "lb": 64,
            "xk": 64,
            "ax": 64,
            "nl": 64,
            "rs": 64
        },
        "agribalyse": {
            "score": 84,
            "version": "3.1.1",
            "ef_consumption": 0,
            "dqr": "1.340153996158337",
            "is_beverage": 0,
            "ef_distribution": 0.0035269416,
            "agribalyse_food_code": "31034",
            "co2_distribution": 0.013496414,
            "name_en": "Syrup, maple",
            "co2_processing": 1.156632,
            "co2_total": 2.014729565,
            "co2_agriculture": 0.094396801,
            "ef_agriculture": 0.005112031,
            "ef_processing": 0.15862698,
            "co2_consumption": 0,
            "code": "31034",
            "ef_total": 0.2460164216,
            "co2_transportation": 0.25227586,
            "ef_packaging": 0.052461293,
            "name_fr": "Sirop d'érable",
            "ef_transportation": 0.026289176,
            "co2_packaging": 0.49792849
        },
        "missing": {
            "origins": 1,
            "labels": 1,
            "packagings": 1
        },
        "missing_key_data": 1,
        "adjustments": {
            "production_system": {
                "value": 0,
                "warning": "no_label",
                "labels": []
            },
            "packaging": {
                "warning": "packaging_data_missing",
                "value": -15
            },
            "threatened_species": {},
            "origins_of_ingredients": {
                "values": {
                    "lv": -5,
                    "de": -5,
                    "ly": -5,
                    "world": -5,
                    "ua": -5,
                    "mt": -5,
                    "md": -5,
                    "si": -5,
                    "se": -5,
                    "pt": -5,
                    "gr": -5,
                    "dz": -5,
                    "lu": -5,
                    "pl": -5,
                    "cz": -5,
                    "je": -5,
                    "fo": -5,
                    "mc": -5,
                    "ma": -5,
                    "hu": -5,
                    "tr": -5,
                    "gi": -5,
                    "va": -5,
                    "me": -5,
                    "tn": -5,
                    "ba": -5,
                    "sm": -5,
                    "is": -5,
                    "no": -5,
                    "sj": -5,
                    "be": -5,
                    "ee": -5,
                    "li": -5,
                    "dk": -5,
                    "uk": -5,
                    "al": -5,
                    "ps": -5,
                    "hr": -5,
                    "sk": -5,
                    "cy": -5,
                    "ie": -5,
                    "sy": -5,
                    "at": -5,
                    "es": -5,
                    "ad": -5,
                    "rs": -5,
                    "nl": -5,
                    "xk": -5,
                    "ax": -5,
                    "lb": -5,
                    "fi": -5,
                    "ro": -5,
                    "lt": -5,
                    "il": -5,
                    "bg": -5,
                    "mk": -5,
                    "fr": -5,
                    "eg": -5,
                    "it": -5,
                    "im": -5,
                    "us": -5,
                    "gg": -5,
                    "ch": -5
                },
                "epi_value": -5,
                "origins_from_origins_field": [
                    "en:unknown"
                ],
                "origins_from_categories": [
                    "en:unknown"
                ],
                "transportation_scores": {
                    "sm": 0,
                    "ba": 0,
                    "tn": 0,
                    "ee": 0,
                    "be": 0,
                    "sj": 0,
                    "no": 0,
                    "is": 0,
                    "gi": 0,
                    "tr": 0,
                    "hu": 0,
                    "ma": 0,
                    "mc": 0,
                    "me": 0,
                    "va": 0,
                    "lu": 0,
                    "gr": 0,
                    "dz": 0,
                    "pt": 0,
                    "fo": 0,
                    "je": 0,
                    "cz": 0,
                    "pl": 0,
                    "ly": 0,
                    "de": 0,
                    "lv": 0,
                    "se": 0,
                    "si": 0,
                    "mt": 0,
                    "md": 0,
                    "ua": 0,
                    "world": 0,
                    "gg": 0,
                    "us": 0,
                    "im": 0,
                    "ch": 0,
                    "il": 0,
                    "lt": 0,
                    "ro": 0,
                    "eg": 0,
                    "it": 0,
                    "fr": 0,
                    "mk": 0,
                    "bg": 0,
                    "xk": 0,
                    "ax": 0,
                    "nl": 0,
                    "rs": 0,
                    "fi": 0,
                    "lb": 0,
                    "hr": 0,
                    "al": 0,
                    "ps": 0,
                    "uk": 0,
                    "dk": 0,
                    "li": 0,
                    "es": 0,
                    "at": 0,
                    "ad": 0,
                    "ie": 0,
                    "sy": 0,
                    "sk": 0,
                    "cy": 0
                },
                "aggregated_origins": [
                    {
                        "origin": "en:unknown",
                        "percent": 100
                    }
                ],
                "epi_score": 0,
                "transportation_values": {
                    "si": 0,
                    "se": 0,
                    "world": 0,
                    "ua": 0,
                    "mt": 0,
                    "md": 0,
                    "de": 0,
                    "ly": 0,
                    "lv": 0,
                    "cz": 0,
                    "je": 0,
                    "fo": 0,
                    "pl": 0,
                    "gr": 0,
                    "dz": 0,
                    "lu": 0,
                    "pt": 0,
                    "me": 0,
                    "va": 0,
                    "gi": 0,
                    "ma": 0,
                    "mc": 0,
                    "hu": 0,
                    "tr": 0,
                    "ee": 0,
                    "is": 0,
                    "no": 0,
                    "sj": 0,
                    "be": 0,
                    "ba": 0,
                    "sm": 0,
                    "tn": 0,
                    "ad": 0,
                    "es": 0,
                    "at": 0,
                    "sk": 0,
                    "cy": 0,
                    "ie": 0,
                    "sy": 0,
                    "ps": 0,
                    "al": 0,
                    "hr": 0,
                    "dk": 0,
                    "li": 0,
                    "uk": 0,
                    "fi": 0,
                    "lb": 0,
                    "nl": 0,
                    "xk": 0,
                    "ax": 0,
                    "rs": 0,
                    "fr": 0,
                    "eg": 0,
                    "it": 0,
                    "bg": 0,
                    "mk": 0,
                    "lt": 0,
                    "il": 0,
                    "ro": 0,
                    "ch": 0,
                    "gg": 0,
                    "us": 0,
                    "im": 0
                },
                "warning": "origins_are_100_percent_unknown"
            }
        },
        "grade": "b",
        "missing_data_warning": 1,
        "score": 64
    },
    "other_nutritional_substances_tags": [],
    "countries_lc": "en",
    "nutrition_score_warning_fruits_vegetables_nuts_estimate_from_ingredients": 1,
    "ingredients_non_nutritive_sweeteners_n": 0,
    "serving_quantity_unit": "ml",
    "interface_version_modified": "20190830",
    "languages_hierarchy": [
        "en:english",
        "en:french"
    ],
    "nutrition_data_per_imported": "100g",
    "ingredients": [
        {
            "vegan": "yes",
            "id": "en:maple-syrup",
            "percent_estimate": 100,
            "percent_max": 100,
            "is_in_taxonomy": 1,
            "percent_min": 100,
            "vegetarian": "yes",
            "labels": "en:organic",
            "text": "maple syrup"
        }
    ],
    "ciqual_food_name_tags": [
        "syrup-maple"
    ],
    "completeness": 0.6625,
    "serving_quantity": "60",
    "countries_tags": [
        "en:canada",
        "en:united-states"
    ],
    "manufacturing_places_tags": [],
    "nutrition_grade_fr": "e",
    "product_name": "Organic Vermont Maple Syrup Grade A Dark Color Robust Taste",
    "emb_codes_20141016": "",
    "ingredients_text_with_allergens_fr": "",
    "nova_groups_markers": {
        "2": [
            [
                "categories",
                "en:maple-syrups"
            ]
        ]
    },
    "serving_size_imported": "4 Tbsp (60 ml)",
    "data_quality_bugs_tags": [],
    "ingredients_from_or_that_may_be_from_palm_oil_n": 0,
    "data_quality_errors_tags": [],
    "origin": "",
    "nova_groups": "2",
    "nutrition_data_prepared_per": "100g",
    "data_sources_tags": [
        "database-usda-ndb",
        "databases",
        "database-usda",
        "labels",
        "label-non-gmo-project"
    ],
    "known_ingredients_n": 3,
    "stores": "",
    "unknown_nutrients_tags": [],
    "ingredients_from_palm_oil_n": 0,
    "packagings": [],
    "owner_fields": {},
    "packaging_text_fr": "",
    "additives_original_tags": [],
    "brand_owner_imported": "Butternut Mountain Farm",
    "nutriscore_2021_tags": [
        "d"
    ],
    "categories_properties": {
        "agribalyse_food_code:en": "31034",
        "ciqual_food_code:en": "31034"
    },
    "ingredients_sweeteners_n": 0,
    "labels_imported": "Organic, en:organic",
    "nutrition_score_warning_fruits_vegetables_nuts_estimate_from_ingredients_value": 0,
    "editors_tags": [
        "clockwerx",
        "fighter-food-facts",
        "fix-missing-lang-bot",
        "foodvisor",
        "openfoodfacts-contributors",
        "org-database-usda",
        "org-label-non-gmo-project",
        "teolemon",
        "usda-ndb-import"
    ],
    "packaging_materials_tags": [],
    "generic_name": "",
    "purchase_places": "",
    "languages_tags": [
        "en:english",
        "en:french",
        "en:2",
        "en:multilingual"
    ],
    "link": "",
    "labels_old": "Organic",
    "pnns_groups_2": "unknown",
    "brands": "usda organic Butternut Mountain Farm,Butternut Mountain Farm",
    "code": "0008577002786",
    "ingredients_from_palm_oil_tags": [],
    "nutriscore_score": 19,
    "nova_groups_tags": [
        "en:2-processed-culinary-ingredients"
    ],
    "ingredients_text_en_imported": "Pure organic maple syrup",
    "packaging_recycling_tags": [],
    "categories_lc": "en",
    "pnns_groups_1": "unknown",
    "nutrient_levels_tags": [
        "en:fat-in-low-quantity",
        "en:sugars-in-high-quantity",
        "en:salt-in-low-quantity"
    ],
    "nutriscore_version": "2023",
    "nutrition_score_warning_fruits_vegetables_legumes_estimate_from_ingredients": 1,
    "ingredients_with_unspecified_percent_sum": 100,
    "origin_en": "",
    "ingredients_with_specified_percent_n": 0,
    "creator": "openfoodfacts-contributors",
    "compared_to_category": "en:maple-syrups",
    "emb_codes": ""
}
2025-03-25 13:42:27,439 - INFO - {'code': '0008577002786', 'name': 'Organic Vermont Maple Syrup Grade A Dark Color Robust Taste', 'generic_name': '', 'relation': 'CONTAINS', 'related_name': 'maple syrup'}
2025-03-25 13:42:27,439 - INFO - {'code': '0008577002786', 'name': 'Organic Vermont Maple Syrup Grade A Dark Color Robust Taste', 'generic_name': '', 'relation': 'CONTAINS', 'related_name': 'added sugar'}
2025-03-25 13:42:27,439 - INFO - {'code': '0008577002786', 'name': 'Organic Vermont Maple Syrup Grade A Dark Color Robust Taste', 'generic_name': '', 'relation': 'CONTAINS', 'related_name': 'disaccharide'}
2025-03-25 13:42:27,439 - INFO - {'code': '0008577002786', 'name': 'Organic Vermont Maple Syrup Grade A Dark Color Robust Taste', 'generic_name': '', 'relation': 'HAS_LABEL', 'related_name': 'organic'}
2025-03-25 13:42:27,439 - INFO - {'code': '0008577002786', 'name': 'Organic Vermont Maple Syrup Grade A Dark Color Robust Taste', 'generic_name': '', 'relation': 'HAS_LABEL', 'related_name': 'no gmos'}
2025-03-25 13:42:27,439 - INFO - {'code': '0008577002786', 'name': 'Organic Vermont Maple Syrup Grade A Dark Color Robust Taste', 'generic_name': '', 'relation': 'HAS_LABEL', 'related_name': 'non gmo project'}
2025-03-25 13:42:27,439 - INFO - {'code': '0008577002786', 'name': 'Organic Vermont Maple Syrup Grade A Dark Color Robust Taste', 'generic_name': '', 'relation': 'HAS_BRAND', 'related_name': 'usda organic Butternut Mountain Farm'}
2025-03-25 13:42:27,439 - INFO - {'code': '0008577002786', 'name': 'Organic Vermont Maple Syrup Grade A Dark Color Robust Taste', 'generic_name': '', 'relation': 'HAS_BRAND', 'related_name': 'Butternut Mountain Farm'}
2025-03-25 13:42:27,439 - INFO - {'code': '0008577002786', 'name': 'Organic Vermont Maple Syrup Grade A Dark Color Robust Taste', 'generic_name': '', 'relation': 'HAS_CATEGORY', 'related_name': 'Sweeteners'}
2025-03-25 13:42:27,439 - INFO - {'code': '0008577002786', 'name': 'Organic Vermont Maple Syrup Grade A Dark Color Robust Taste', 'generic_name': '', 'relation': 'HAS_CATEGORY', 'related_name': 'Syrups'}
2025-03-25 13:42:27,439 - INFO - {'code': '0008577002786', 'name': 'Organic Vermont Maple Syrup Grade A Dark Color Robust Taste', 'generic_name': '', 'relation': 'HAS_CATEGORY', 'related_name': 'Simple syrups'}
2025-03-25 13:42:27,439 - INFO - {'code': '0008577002786', 'name': 'Organic Vermont Maple Syrup Grade A Dark Color Robust Taste', 'generic_name': '', 'relation': 'HAS_CATEGORY', 'related_name': 'Maple syrups'}
2025-03-25 13:42:27,439 - INFO - {'code': '0008577002786', 'name': 'Organic Vermont Maple Syrup Grade A Dark Color Robust Taste', 'generic_name': '', 'relation': 'SOLD_IN', 'related_name': 'canada'}
2025-03-25 13:42:27,439 - INFO - {'code': '0008577002786', 'name': 'Organic Vermont Maple Syrup Grade A Dark Color Robust Taste', 'generic_name': '', 'relation': 'SOLD_IN', 'related_name': 'united states'}
2025-03-25 13:42:27,439 - INFO - {'code': '0008577002786', 'name': 'Organic Vermont Maple Syrup Grade A Dark Color Robust Taste', 'generic_name': '', 'relation': 'HAS_NUTRIMENT', 'related_name': 'energy'}
2025-03-25 13:42:27,439 - INFO - {'code': '0008577002786', 'name': 'Organic Vermont Maple Syrup Grade A Dark Color Robust Taste', 'generic_name': '', 'relation': 'HAS_NUTRIMENT', 'related_name': 'carbohydrates'}
2025-03-25 13:42:27,439 - INFO - {'code': '0008577002786', 'name': 'Organic Vermont Maple Syrup Grade A Dark Color Robust Taste', 'generic_name': '', 'relation': 'HAS_NUTRIMENT', 'related_name': 'sugars'}
2025-03-25 13:42:27,439 - INFO - {'code': '0008577002786', 'name': 'Organic Vermont Maple Syrup Grade A Dark Color Robust Taste', 'generic_name': '', 'relation': 'HAS_NUTRIMENT', 'related_name': 'salt'}
2025-03-25 13:42:27,439 - INFO - {'code': '0008577002786', 'name': 'Organic Vermont Maple Syrup Grade A Dark Color Robust Taste', 'generic_name': '', 'relation': 'HAS_NUTRIMENT', 'related_name': 'sodium'}
2025-03-25 13:42:27,439 - INFO - 
=== Visualisation de la hiérarchie des catégories ===
2025-03-25 13:42:27,523 - INFO - {'parent': '2-3% fat Petit-Suisse', 'child': '2-3% fat Petit-Suisse with fruits, 2-3% fat fresh cream cheese with fruits'}
2025-03-25 13:42:27,523 - INFO - {'parent': '2-3% fat Petit-Suisse', 'child': '2-3% fat Petit-Suisse with fruits fortified with calcium and vitamin D, 2-3% fat fresh cream cheese with fruits fortified with calcium and vitamin D'}
2025-03-25 13:42:27,523 - INFO - {'parent': '2-3% fat Petit-Suisse', 'child': '2-3% fat Petit-Suisse fruits flavoured fortified with calcium and vitamin D, 2-3% fat fresh cream cheese fruits flavoured fortified with calcium and vitamin D'}
2025-03-25 13:42:27,523 - INFO - {'parent': '5% beer', 'child': 'Black beers'}
2025-03-25 13:42:27,523 - INFO - {'parent': 'Abbey ales', 'child': 'Trappist beers, Trappist'}
2025-03-25 13:42:27,523 - INFO - {'parent': 'Abbey ales', 'child': 'Single ales'}
2025-03-25 13:42:27,524 - INFO - {'parent': 'Abbey ales', 'child': 'Belgian-style Dubbel ales, Double ales, Double beer'}
2025-03-25 13:42:27,524 - INFO - {'parent': 'Abbey ales', 'child': 'Triple ales, Triple beer'}
2025-03-25 13:42:27,524 - INFO - {'parent': 'Abbey ales', 'child': 'Quadruple ales, Quadruple beer'}
2025-03-25 13:42:27,524 - INFO - {'parent': 'Acacia honeys', 'child': 'Acacia honeys from Alsace'}
2025-03-25 13:42:27,524 - INFO - {'parent': 'Acacia honeys', 'child': 'Acacia honeys from Jura'}
2025-03-25 13:42:27,524 - INFO - {'parent': 'Acar', 'child': 'Atjar tjampoer'}
2025-03-25 13:42:27,524 - INFO - {'parent': 'Acidic apples', 'child': 'Granny Smith apples, Granny Smith, Apples (Granny Smith)'}
2025-03-25 13:42:27,525 - INFO - {'parent': 'Acidic apples', 'child': 'Canada Reinettes apples, Canada Apples, Canada Reinettes, Canadian Reinettes, Canadian Reinettes Apples, Canada Russet apples, Apples (Canada Reinette)'}
2025-03-25 13:42:27,525 - INFO - {'parent': 'Acidic apples', 'child': 'Canada apple pulp'}
2025-03-25 13:42:27,525 - INFO - {'parent': 'Advent calendars', 'child': 'Chocolate Advent calendars'}
2025-03-25 13:42:27,525 - INFO - {'parent': 'Agar-agar', 'child': 'Agar-agar powder'}
2025-03-25 13:42:27,525 - INFO - {'parent': 'Alaska pollock', 'child': 'Frozen Alaska pollock'}
2025-03-25 13:42:27,525 - INFO - {'parent': 'Albacore', 'child': 'Canned albacore in olive oil'}
2025-03-25 13:42:27,525 - INFO - {'parent': 'Albacore', 'child': 'Albacore steamed under pressure'}
2025-03-25 13:42:27,525 - INFO - 
=== Recherche de produits sans gluten ===
2025-03-25 13:42:28,115 - INFO - Organic Blue Agave -  - Nutriscore: c
2025-03-25 13:42:28,116 - INFO - Gmills hny nut cheerios sweetened whl grn oat cereal -  - Nutriscore: d
2025-03-25 13:42:28,116 - INFO - Ginger Teriyaki Tender Cuts of Chicken Breast -  - Nutriscore: e
2025-03-25 13:42:28,116 - INFO - Seven Grain With Quinoa Honey Oat Flax -  - Nutriscore: c
2025-03-25 13:42:28,116 - INFO - Chef d'oeuf™avec fromage sur muffin anglais - Sandwich déjeuner - Oeuf, saucisse, fromage - Nutriscore: d
2025-03-25 13:42:28,116 - INFO - 
=== Alternatives plus saines pour le produit ===
2025-03-25 13:42:28,329 - INFO - Original: Organic Vermont Maple Syrup Grade A Dark Color Robust Taste (Nutriscore: e) → Alternative: Fancy Molasses (Nutriscore: c)
2025-03-25 13:42:28,329 - INFO - Original: Organic Vermont Maple Syrup Grade A Dark Color Robust Taste (Nutriscore: e) → Alternative: Fancy Molasses (Nutriscore: c)
2025-03-25 13:42:28,329 - INFO - Original: Organic Vermont Maple Syrup Grade A Dark Color Robust Taste (Nutriscore: e) → Alternative: Organic Blue Agave (Nutriscore: c)
2025-03-25 13:42:28,329 - INFO - Original: Organic Vermont Maple Syrup Grade A Dark Color Robust Taste (Nutriscore: e) → Alternative: Organic Blue Agave (Nutriscore: c)
2025-03-25 13:42:28,329 - INFO - Original: Organic Vermont Maple Syrup Grade A Dark Color Robust Taste (Nutriscore: e) → Alternative: Organic Blue Agave (Nutriscore: c)
2025-03-25 13:42:28,330 - INFO - 
=== Informations nutritionnelles ===
2025-03-25 13:42:28,432 - INFO - energy: 1393 kcal
2025-03-25 13:42:28,432 - INFO - carbohydrates: 88.33 g
2025-03-25 13:42:28,432 - INFO - sugars: 88.33 g
2025-03-25 13:42:28,432 - INFO - salt: 0.02 mg
2025-03-25 13:42:28,432 - INFO - sodium: 0.008 mg
